2023-11-02T17:17:51.114-03:00  INFO 18184 --- [main] c.u.libraryapi.LibraryApiApplication     : Starting LibraryApiApplication using Java 18 with PID 18184 (C:\Users\yurim\Documents\Projetos\MyUdemy\library-api\target\classes started by yurim in C:\Users\yurim\Documents\Projetos\MyUdemy\library-api)
2023-11-02T17:17:51.120-03:00  INFO 18184 --- [main] c.u.libraryapi.LibraryApiApplication     : No active profile set, falling back to 1 default profile: "default"
2023-11-02T17:17:52.255-03:00  INFO 18184 --- [main] .s.d.r.c.RepositoryConfigurationDelegate : Bootstrapping Spring Data JPA repositories in DEFAULT mode.
2023-11-02T17:17:52.305-03:00  INFO 18184 --- [main] .s.d.r.c.RepositoryConfigurationDelegate : Finished Spring Data repository scanning in 41 ms. Found 2 JPA repository interfaces.
2023-11-02T17:17:52.697-03:00  INFO 18184 --- [main] o.s.b.w.embedded.tomcat.TomcatWebServer  : Tomcat initialized with port(s): 8080 (http)
2023-11-02T17:17:52.706-03:00  INFO 18184 --- [main] o.apache.catalina.core.StandardService   : Starting service [Tomcat]
2023-11-02T17:17:52.706-03:00  INFO 18184 --- [main] o.apache.catalina.core.StandardEngine    : Starting Servlet engine: [Apache Tomcat/10.1.11]
2023-11-02T17:17:52.772-03:00  INFO 18184 --- [main] o.a.c.c.C.[Tomcat].[localhost].[/]       : Initializing Spring embedded WebApplicationContext
2023-11-02T17:17:52.772-03:00  INFO 18184 --- [main] w.s.c.ServletWebServerApplicationContext : Root WebApplicationContext: initialization completed in 1613 ms
2023-11-02T17:17:52.934-03:00  INFO 18184 --- [main] com.zaxxer.hikari.HikariDataSource       : HikariPool-1 - Starting...
2023-11-02T17:17:53.099-03:00  INFO 18184 --- [main] com.zaxxer.hikari.pool.HikariPool        : HikariPool-1 - Added connection conn0: url=jdbc:h2:mem:b5f93f7e-6e0e-47b1-80c2-d010c9c5b67e user=SA
2023-11-02T17:17:53.101-03:00  INFO 18184 --- [main] com.zaxxer.hikari.HikariDataSource       : HikariPool-1 - Start completed.
2023-11-02T17:17:53.134-03:00  INFO 18184 --- [main] o.hibernate.jpa.internal.util.LogHelper  : HHH000204: Processing PersistenceUnitInfo [name: default]
2023-11-02T17:17:53.189-03:00  INFO 18184 --- [main] org.hibernate.Version                    : HHH000412: Hibernate ORM core version 6.2.6.Final
2023-11-02T17:17:53.190-03:00  INFO 18184 --- [main] org.hibernate.cfg.Environment            : HHH000406: Using bytecode reflection optimizer
2023-11-02T17:17:53.296-03:00  INFO 18184 --- [main] o.h.b.i.BytecodeProviderInitiator        : HHH000021: Bytecode provider name : bytebuddy
2023-11-02T17:17:53.396-03:00  INFO 18184 --- [main] o.s.o.j.p.SpringPersistenceUnitInfo      : No LoadTimeWeaver setup: ignoring JPA class transformer
2023-11-02T17:17:53.573-03:00  INFO 18184 --- [main] o.h.b.i.BytecodeProviderInitiator        : HHH000021: Bytecode provider name : bytebuddy
2023-11-02T17:17:54.020-03:00  INFO 18184 --- [main] o.h.e.t.j.p.i.JtaPlatformInitiator       : HHH000490: Using JtaPlatform implementation: [org.hibernate.engine.transaction.jta.platform.internal.NoJtaPlatform]
2023-11-02T17:17:54.053-03:00  INFO 18184 --- [main] j.LocalContainerEntityManagerFactoryBean : Initialized JPA EntityManagerFactory for persistence unit 'default'
2023-11-02T17:17:54.300-03:00  INFO 18184 --- [main] o.s.d.j.r.query.QueryEnhancerFactory     : Hibernate is in classpath; If applicable, HQL parser will be used.
2023-11-02T17:17:54.679-03:00  WARN 18184 --- [main] JpaBaseConfiguration$JpaWebConfiguration : spring.jpa.open-in-view is enabled by default. Therefore, database queries may be performed during view rendering. Explicitly configure spring.jpa.open-in-view to disable this warning
2023-11-02T17:17:55.097-03:00  WARN 18184 --- [main] .s.s.UserDetailsServiceAutoConfiguration : 

Using generated security password: cafd2f5e-e61c-4d8c-ad6c-15197a38c71e

This generated password is for development use only. Your security configuration must be updated before running your application in production.

2023-11-02T17:17:55.175-03:00  INFO 18184 --- [main] o.s.b.a.e.web.EndpointLinksResolver      : Exposing 14 endpoint(s) beneath base path '/actuator'
2023-11-02T17:17:55.187-03:00  INFO 18184 --- [main] o.s.s.web.DefaultSecurityFilterChain     : Will secure any request with [org.springframework.security.web.session.DisableEncodeUrlFilter@6bfd574c, org.springframework.security.web.context.request.async.WebAsyncManagerIntegrationFilter@71c31fdd, org.springframework.security.web.context.SecurityContextHolderFilter@7a543319, org.springframework.security.web.header.HeaderWriterFilter@5fab1ec6, org.springframework.web.filter.CorsFilter@323ebcc6, org.springframework.security.web.csrf.CsrfFilter@214d2aa6, org.springframework.security.web.authentication.logout.LogoutFilter@1172d47, org.springframework.security.web.authentication.UsernamePasswordAuthenticationFilter@5af57b73, org.springframework.security.web.authentication.ui.DefaultLoginPageGeneratingFilter@4faf32a7, org.springframework.security.web.authentication.ui.DefaultLogoutPageGeneratingFilter@7bca7b6c, org.springframework.security.web.authentication.www.BasicAuthenticationFilter@7e6c990f, org.springframework.security.web.savedrequest.RequestCacheAwareFilter@7e1383f7, org.springframework.security.web.servletapi.SecurityContextHolderAwareRequestFilter@4f0ea6f8, org.springframework.security.web.authentication.AnonymousAuthenticationFilter@7a0c046e, org.springframework.security.web.access.ExceptionTranslationFilter@3c81f484, org.springframework.security.web.access.intercept.AuthorizationFilter@407858c5]
2023-11-02T17:17:55.252-03:00  WARN 18184 --- [main] ConfigServletWebServerApplicationContext : Exception encountered during context initialization - cancelling refresh attempt: org.springframework.context.ApplicationContextException: Failed to start bean 'webServerStartStop'
2023-11-02T17:17:55.255-03:00  INFO 18184 --- [main] j.LocalContainerEntityManagerFactoryBean : Closing JPA EntityManagerFactory for persistence unit 'default'
2023-11-02T17:17:55.257-03:00  INFO 18184 --- [main] com.zaxxer.hikari.HikariDataSource       : HikariPool-1 - Shutdown initiated...
2023-11-02T17:17:55.259-03:00  INFO 18184 --- [main] com.zaxxer.hikari.HikariDataSource       : HikariPool-1 - Shutdown completed.
2023-11-02T17:17:55.260-03:00  INFO 18184 --- [main] o.apache.catalina.core.StandardService   : Stopping service [Tomcat]
2023-11-02T17:17:55.273-03:00  INFO 18184 --- [main] .s.b.a.l.ConditionEvaluationReportLogger : 

Error starting ApplicationContext. To display the condition evaluation report re-run your application with 'debug' enabled.
2023-11-02T17:17:55.282-03:00 ERROR 18184 --- [main] o.s.b.d.LoggingFailureAnalysisReporter   : 

***************************
APPLICATION FAILED TO START
***************************

Description:

Web server failed to start. Port 8080 was already in use.

Action:

Identify and stop the process that's listening on port 8080 or configure this application to listen on another port.

2023-11-02T17:18:21.260-03:00  INFO 10808 --- [main] c.u.libraryapi.LibraryApiApplication     : Starting LibraryApiApplication using Java 18 with PID 10808 (C:\Users\yurim\Documents\Projetos\MyUdemy\library-api\target\classes started by yurim in C:\Users\yurim\Documents\Projetos\MyUdemy\library-api)
2023-11-02T17:18:21.262-03:00  INFO 10808 --- [main] c.u.libraryapi.LibraryApiApplication     : No active profile set, falling back to 1 default profile: "default"
2023-11-02T17:18:21.930-03:00  INFO 10808 --- [main] .s.d.r.c.RepositoryConfigurationDelegate : Bootstrapping Spring Data JPA repositories in DEFAULT mode.
2023-11-02T17:18:21.964-03:00  INFO 10808 --- [main] .s.d.r.c.RepositoryConfigurationDelegate : Finished Spring Data repository scanning in 30 ms. Found 2 JPA repository interfaces.
2023-11-02T17:18:22.297-03:00  INFO 10808 --- [main] o.s.b.w.embedded.tomcat.TomcatWebServer  : Tomcat initialized with port(s): 8080 (http)
2023-11-02T17:18:22.302-03:00  INFO 10808 --- [main] o.apache.catalina.core.StandardService   : Starting service [Tomcat]
2023-11-02T17:18:22.303-03:00  INFO 10808 --- [main] o.apache.catalina.core.StandardEngine    : Starting Servlet engine: [Apache Tomcat/10.1.11]
2023-11-02T17:18:22.361-03:00  INFO 10808 --- [main] o.a.c.c.C.[Tomcat].[localhost].[/]       : Initializing Spring embedded WebApplicationContext
2023-11-02T17:18:22.361-03:00  INFO 10808 --- [main] w.s.c.ServletWebServerApplicationContext : Root WebApplicationContext: initialization completed in 1056 ms
2023-11-02T17:18:22.486-03:00  INFO 10808 --- [main] com.zaxxer.hikari.HikariDataSource       : HikariPool-1 - Starting...
2023-11-02T17:18:22.632-03:00  INFO 10808 --- [main] com.zaxxer.hikari.pool.HikariPool        : HikariPool-1 - Added connection conn0: url=jdbc:h2:mem:1f5ac02d-d3e7-47c5-9b56-f3b77f29ceaf user=SA
2023-11-02T17:18:22.633-03:00  INFO 10808 --- [main] com.zaxxer.hikari.HikariDataSource       : HikariPool-1 - Start completed.
2023-11-02T17:18:22.660-03:00  INFO 10808 --- [main] o.hibernate.jpa.internal.util.LogHelper  : HHH000204: Processing PersistenceUnitInfo [name: default]
2023-11-02T17:18:22.687-03:00  INFO 10808 --- [main] org.hibernate.Version                    : HHH000412: Hibernate ORM core version 6.2.6.Final
2023-11-02T17:18:22.689-03:00  INFO 10808 --- [main] org.hibernate.cfg.Environment            : HHH000406: Using bytecode reflection optimizer
2023-11-02T17:18:22.762-03:00  INFO 10808 --- [main] o.h.b.i.BytecodeProviderInitiator        : HHH000021: Bytecode provider name : bytebuddy
2023-11-02T17:18:22.832-03:00  INFO 10808 --- [main] o.s.o.j.p.SpringPersistenceUnitInfo      : No LoadTimeWeaver setup: ignoring JPA class transformer
2023-11-02T17:18:23.015-03:00  INFO 10808 --- [main] o.h.b.i.BytecodeProviderInitiator        : HHH000021: Bytecode provider name : bytebuddy
2023-11-02T17:18:23.403-03:00  INFO 10808 --- [main] o.h.e.t.j.p.i.JtaPlatformInitiator       : HHH000490: Using JtaPlatform implementation: [org.hibernate.engine.transaction.jta.platform.internal.NoJtaPlatform]
2023-11-02T17:18:23.432-03:00  INFO 10808 --- [main] j.LocalContainerEntityManagerFactoryBean : Initialized JPA EntityManagerFactory for persistence unit 'default'
2023-11-02T17:18:23.644-03:00  INFO 10808 --- [main] o.s.d.j.r.query.QueryEnhancerFactory     : Hibernate is in classpath; If applicable, HQL parser will be used.
2023-11-02T17:18:23.990-03:00  WARN 10808 --- [main] JpaBaseConfiguration$JpaWebConfiguration : spring.jpa.open-in-view is enabled by default. Therefore, database queries may be performed during view rendering. Explicitly configure spring.jpa.open-in-view to disable this warning
2023-11-02T17:18:24.362-03:00  WARN 10808 --- [main] .s.s.UserDetailsServiceAutoConfiguration : 

Using generated security password: cf6ff499-b228-47a4-ba2b-4f6749fd616e

This generated password is for development use only. Your security configuration must be updated before running your application in production.

2023-11-02T17:18:24.429-03:00  INFO 10808 --- [main] o.s.b.a.e.web.EndpointLinksResolver      : Exposing 14 endpoint(s) beneath base path '/actuator'
2023-11-02T17:18:24.442-03:00  INFO 10808 --- [main] o.s.s.web.DefaultSecurityFilterChain     : Will secure any request with [org.springframework.security.web.session.DisableEncodeUrlFilter@2f49d34d, org.springframework.security.web.context.request.async.WebAsyncManagerIntegrationFilter@6aa34b05, org.springframework.security.web.context.SecurityContextHolderFilter@10e9aa29, org.springframework.security.web.header.HeaderWriterFilter@16d9c898, org.springframework.web.filter.CorsFilter@173ee8f7, org.springframework.security.web.csrf.CsrfFilter@739174f1, org.springframework.security.web.authentication.logout.LogoutFilter@7e1383f7, org.springframework.security.web.authentication.UsernamePasswordAuthenticationFilter@7226747d, org.springframework.security.web.authentication.ui.DefaultLoginPageGeneratingFilter@4664b741, org.springframework.security.web.authentication.ui.DefaultLogoutPageGeneratingFilter@699e81db, org.springframework.security.web.authentication.www.BasicAuthenticationFilter@38ffba03, org.springframework.security.web.savedrequest.RequestCacheAwareFilter@36ccc844, org.springframework.security.web.servletapi.SecurityContextHolderAwareRequestFilter@71134823, org.springframework.security.web.authentication.AnonymousAuthenticationFilter@8ace41e, org.springframework.security.web.access.ExceptionTranslationFilter@7ffe0471, org.springframework.security.web.access.intercept.AuthorizationFilter@b9271b6]
2023-11-02T17:18:24.514-03:00  INFO 10808 --- [main] o.s.b.w.embedded.tomcat.TomcatWebServer  : Tomcat started on port(s): 8080 (http) with context path ''
2023-11-02T17:18:24.527-03:00  INFO 10808 --- [main] c.u.libraryapi.LibraryApiApplication     : Started LibraryApiApplication in 3.563 seconds (process running for 4.023)
2023-11-02T17:18:24.635-03:00  INFO 10808 --- [http-nio-8080-exec-1] o.a.c.c.C.[Tomcat].[localhost].[/]       : Initializing Spring DispatcherServlet 'dispatcherServlet'
2023-11-02T17:18:24.635-03:00  INFO 10808 --- [http-nio-8080-exec-1] o.s.web.servlet.DispatcherServlet        : Initializing Servlet 'dispatcherServlet'
2023-11-02T17:18:24.637-03:00  INFO 10808 --- [http-nio-8080-exec-1] o.s.web.servlet.DispatcherServlet        : Completed initialization in 2 ms
2023-11-02T17:18:24.706-03:00  WARN 10808 --- [registrationTask1] d.c.b.a.c.r.ApplicationRegistrator       : Failed to register application as Application(name=spring-boot-application, managementUrl=http://WINRTK005:8080/actuator, healthUrl=http://WINRTK005:8080/actuator/health, serviceUrl=http://WINRTK005:8080/) at spring-boot-admin ([http://localhost:8080/instances]): 401 : [no body]. Further attempts are logged on DEBUG level
2023-11-02T17:19:58.303-03:00  INFO 10808 --- [SpringApplicationShutdownHook] j.LocalContainerEntityManagerFactoryBean : Closing JPA EntityManagerFactory for persistence unit 'default'
2023-11-02T17:19:58.307-03:00  INFO 10808 --- [SpringApplicationShutdownHook] com.zaxxer.hikari.HikariDataSource       : HikariPool-1 - Shutdown initiated...
2023-11-02T17:19:58.308-03:00  INFO 10808 --- [SpringApplicationShutdownHook] com.zaxxer.hikari.HikariDataSource       : HikariPool-1 - Shutdown completed.
2023-11-02T17:20:00.150-03:00  INFO 15328 --- [main] c.u.libraryapi.LibraryApiApplication     : Starting LibraryApiApplication using Java 18 with PID 15328 (C:\Users\yurim\Documents\Projetos\MyUdemy\library-api\target\classes started by yurim in C:\Users\yurim\Documents\Projetos\MyUdemy\library-api)
2023-11-02T17:20:00.152-03:00  INFO 15328 --- [main] c.u.libraryapi.LibraryApiApplication     : No active profile set, falling back to 1 default profile: "default"
2023-11-02T17:20:01.309-03:00  INFO 15328 --- [main] .s.d.r.c.RepositoryConfigurationDelegate : Bootstrapping Spring Data JPA repositories in DEFAULT mode.
2023-11-02T17:20:01.366-03:00  INFO 15328 --- [main] .s.d.r.c.RepositoryConfigurationDelegate : Finished Spring Data repository scanning in 50 ms. Found 2 JPA repository interfaces.
2023-11-02T17:20:01.960-03:00  INFO 15328 --- [main] o.s.b.w.embedded.tomcat.TomcatWebServer  : Tomcat initialized with port(s): 8080 (http)
2023-11-02T17:20:02.046-03:00  INFO 15328 --- [main] w.s.c.ServletWebServerApplicationContext : Root WebApplicationContext: initialization completed in 1858 ms
2023-11-02T17:20:02.223-03:00  INFO 15328 --- [main] com.zaxxer.hikari.HikariDataSource       : HikariPool-1 - Starting...
2023-11-02T17:20:02.353-03:00  INFO 15328 --- [main] com.zaxxer.hikari.pool.HikariPool        : HikariPool-1 - Added connection conn0: url=jdbc:h2:mem:2e1b2a53-f81d-4d07-aa89-89d6657c0e88 user=SA
2023-11-02T17:20:02.354-03:00  INFO 15328 --- [main] com.zaxxer.hikari.HikariDataSource       : HikariPool-1 - Start completed.
2023-11-02T17:20:02.381-03:00  INFO 15328 --- [main] o.hibernate.jpa.internal.util.LogHelper  : HHH000204: Processing PersistenceUnitInfo [name: default]
2023-11-02T17:20:02.412-03:00  INFO 15328 --- [main] org.hibernate.Version                    : HHH000412: Hibernate ORM core version 6.2.6.Final
2023-11-02T17:20:02.414-03:00  INFO 15328 --- [main] org.hibernate.cfg.Environment            : HHH000406: Using bytecode reflection optimizer
2023-11-02T17:20:02.519-03:00  INFO 15328 --- [main] o.h.b.i.BytecodeProviderInitiator        : HHH000021: Bytecode provider name : bytebuddy
2023-11-02T17:20:02.617-03:00  INFO 15328 --- [main] o.s.o.j.p.SpringPersistenceUnitInfo      : No LoadTimeWeaver setup: ignoring JPA class transformer
2023-11-02T17:20:02.760-03:00  INFO 15328 --- [main] o.h.b.i.BytecodeProviderInitiator        : HHH000021: Bytecode provider name : bytebuddy
2023-11-02T17:20:03.150-03:00  INFO 15328 --- [main] o.h.e.t.j.p.i.JtaPlatformInitiator       : HHH000490: Using JtaPlatform implementation: [org.hibernate.engine.transaction.jta.platform.internal.NoJtaPlatform]
2023-11-02T17:20:03.180-03:00  INFO 15328 --- [main] j.LocalContainerEntityManagerFactoryBean : Initialized JPA EntityManagerFactory for persistence unit 'default'
2023-11-02T17:20:03.443-03:00  INFO 15328 --- [main] o.s.d.j.r.query.QueryEnhancerFactory     : Hibernate is in classpath; If applicable, HQL parser will be used.
2023-11-02T17:20:03.799-03:00  WARN 15328 --- [main] JpaBaseConfiguration$JpaWebConfiguration : spring.jpa.open-in-view is enabled by default. Therefore, database queries may be performed during view rendering. Explicitly configure spring.jpa.open-in-view to disable this warning
2023-11-02T17:20:04.222-03:00  WARN 15328 --- [main] .s.s.UserDetailsServiceAutoConfiguration : 

Using generated security password: ef560e5a-a23c-49fb-b55f-2284ccc556ad

This generated password is for development use only. Your security configuration must be updated before running your application in production.

2023-11-02T17:20:04.290-03:00  INFO 15328 --- [main] o.s.b.a.e.web.EndpointLinksResolver      : Exposing 14 endpoint(s) beneath base path '/actuator'
2023-11-02T17:20:04.304-03:00  INFO 15328 --- [main] o.s.s.web.DefaultSecurityFilterChain     : Will secure any request with [org.springframework.security.web.session.DisableEncodeUrlFilter@38187be6, org.springframework.security.web.context.request.async.WebAsyncManagerIntegrationFilter@38ffba03, org.springframework.security.web.context.SecurityContextHolderFilter@1694aadb, org.springframework.security.web.header.HeaderWriterFilter@2624dd2c, org.springframework.web.filter.CorsFilter@45970ee8, org.springframework.security.web.csrf.CsrfFilter@50bae745, org.springframework.security.web.authentication.logout.LogoutFilter@1d73ddb0, org.springframework.security.web.authentication.UsernamePasswordAuthenticationFilter@4f29bbde, org.springframework.security.web.authentication.ui.DefaultLoginPageGeneratingFilter@21384a8e, org.springframework.security.web.authentication.ui.DefaultLogoutPageGeneratingFilter@54f5457e, org.springframework.security.web.authentication.www.BasicAuthenticationFilter@682d0957, org.springframework.security.web.savedrequest.RequestCacheAwareFilter@2cca4a87, org.springframework.security.web.servletapi.SecurityContextHolderAwareRequestFilter@36ccc844, org.springframework.security.web.authentication.AnonymousAuthenticationFilter@2f49d34d, org.springframework.security.web.access.ExceptionTranslationFilter@7030e3f3, org.springframework.security.web.access.intercept.AuthorizationFilter@eac35fd]
2023-11-02T17:20:04.374-03:00  INFO 15328 --- [main] o.s.b.w.embedded.tomcat.TomcatWebServer  : Tomcat started on port(s): 8080 (http) with context path ''
2023-11-02T17:20:04.386-03:00  INFO 15328 --- [main] c.u.libraryapi.LibraryApiApplication     : Started LibraryApiApplication in 4.547 seconds (process running for 5.018)
2023-11-02T17:20:04.406-03:00  INFO 15328 --- [SpringApplicationShutdownHook] j.LocalContainerEntityManagerFactoryBean : Closing JPA EntityManagerFactory for persistence unit 'default'
2023-11-02T17:20:04.409-03:00  INFO 15328 --- [SpringApplicationShutdownHook] com.zaxxer.hikari.HikariDataSource       : HikariPool-1 - Shutdown initiated...
2023-11-02T17:20:04.409-03:00  INFO 15328 --- [SpringApplicationShutdownHook] com.zaxxer.hikari.HikariDataSource       : HikariPool-1 - Shutdown completed.
2023-11-02T17:20:11.324-03:00  INFO 13440 --- [main] c.u.libraryapi.LibraryApiApplication     : Starting LibraryApiApplication using Java 18 with PID 13440 (C:\Users\yurim\Documents\Projetos\MyUdemy\library-api\target\classes started by yurim in C:\Users\yurim\Documents\Projetos\MyUdemy\library-api)
2023-11-02T17:20:11.326-03:00  INFO 13440 --- [main] c.u.libraryapi.LibraryApiApplication     : No active profile set, falling back to 1 default profile: "default"
2023-11-02T17:20:12.090-03:00  INFO 13440 --- [main] .s.d.r.c.RepositoryConfigurationDelegate : Bootstrapping Spring Data JPA repositories in DEFAULT mode.
2023-11-02T17:20:12.143-03:00  INFO 13440 --- [main] .s.d.r.c.RepositoryConfigurationDelegate : Finished Spring Data repository scanning in 45 ms. Found 2 JPA repository interfaces.
2023-11-02T17:20:12.528-03:00  INFO 13440 --- [main] o.s.b.w.embedded.tomcat.TomcatWebServer  : Tomcat initialized with port(s): 8080 (http)
2023-11-02T17:20:12.534-03:00  INFO 13440 --- [main] o.apache.catalina.core.StandardService   : Starting service [Tomcat]
2023-11-02T17:20:12.534-03:00  INFO 13440 --- [main] o.apache.catalina.core.StandardEngine    : Starting Servlet engine: [Apache Tomcat/10.1.11]
2023-11-02T17:20:12.597-03:00  INFO 13440 --- [main] o.a.c.c.C.[Tomcat].[localhost].[/]       : Initializing Spring embedded WebApplicationContext
2023-11-02T17:20:12.597-03:00  INFO 13440 --- [main] w.s.c.ServletWebServerApplicationContext : Root WebApplicationContext: initialization completed in 1226 ms
2023-11-02T17:20:12.771-03:00  INFO 13440 --- [main] com.zaxxer.hikari.HikariDataSource       : HikariPool-1 - Starting...
2023-11-02T17:20:12.908-03:00  INFO 13440 --- [main] com.zaxxer.hikari.pool.HikariPool        : HikariPool-1 - Added connection conn0: url=jdbc:h2:mem:7d9d59ea-7e74-4c83-862c-ad5889db3306 user=SA
2023-11-02T17:20:12.909-03:00  INFO 13440 --- [main] com.zaxxer.hikari.HikariDataSource       : HikariPool-1 - Start completed.
2023-11-02T17:20:12.939-03:00  INFO 13440 --- [main] o.hibernate.jpa.internal.util.LogHelper  : HHH000204: Processing PersistenceUnitInfo [name: default]
2023-11-02T17:20:12.972-03:00  INFO 13440 --- [main] org.hibernate.Version                    : HHH000412: Hibernate ORM core version 6.2.6.Final
2023-11-02T17:20:12.973-03:00  INFO 13440 --- [main] org.hibernate.cfg.Environment            : HHH000406: Using bytecode reflection optimizer
2023-11-02T17:20:13.094-03:00  INFO 13440 --- [main] o.h.b.i.BytecodeProviderInitiator        : HHH000021: Bytecode provider name : bytebuddy
2023-11-02T17:20:13.184-03:00  INFO 13440 --- [main] o.s.o.j.p.SpringPersistenceUnitInfo      : No LoadTimeWeaver setup: ignoring JPA class transformer
2023-11-02T17:20:13.360-03:00  INFO 13440 --- [main] o.h.b.i.BytecodeProviderInitiator        : HHH000021: Bytecode provider name : bytebuddy
2023-11-02T17:20:13.795-03:00  INFO 13440 --- [main] o.h.e.t.j.p.i.JtaPlatformInitiator       : HHH000490: Using JtaPlatform implementation: [org.hibernate.engine.transaction.jta.platform.internal.NoJtaPlatform]
2023-11-02T17:20:13.830-03:00  INFO 13440 --- [main] j.LocalContainerEntityManagerFactoryBean : Initialized JPA EntityManagerFactory for persistence unit 'default'
2023-11-02T17:20:14.117-03:00  INFO 13440 --- [main] o.s.d.j.r.query.QueryEnhancerFactory     : Hibernate is in classpath; If applicable, HQL parser will be used.
2023-11-02T17:20:14.503-03:00  WARN 13440 --- [main] JpaBaseConfiguration$JpaWebConfiguration : spring.jpa.open-in-view is enabled by default. Therefore, database queries may be performed during view rendering. Explicitly configure spring.jpa.open-in-view to disable this warning
2023-11-02T17:20:14.961-03:00  INFO 13440 --- [main] o.s.b.a.e.web.EndpointLinksResolver      : Exposing 14 endpoint(s) beneath base path '/actuator'
2023-11-02T17:20:15.021-03:00  INFO 13440 --- [main] o.s.b.w.embedded.tomcat.TomcatWebServer  : Tomcat started on port(s): 8080 (http) with context path ''
2023-11-02T17:20:15.034-03:00  INFO 13440 --- [main] c.u.libraryapi.LibraryApiApplication     : Started LibraryApiApplication in 4.086 seconds (process running for 4.602)
2023-11-02T17:20:15.144-03:00  INFO 13440 --- [http-nio-8080-exec-2] o.a.c.c.C.[Tomcat].[localhost].[/]       : Initializing Spring DispatcherServlet 'dispatcherServlet'
2023-11-02T17:20:15.144-03:00  INFO 13440 --- [http-nio-8080-exec-2] o.s.web.servlet.DispatcherServlet        : Initializing Servlet 'dispatcherServlet'
2023-11-02T17:20:15.146-03:00  INFO 13440 --- [http-nio-8080-exec-2] o.s.web.servlet.DispatcherServlet        : Completed initialization in 2 ms
2023-11-02T17:20:15.229-03:00  WARN 13440 --- [registrationTask1] d.c.b.a.c.r.ApplicationRegistrator       : Failed to register application as Application(name=spring-boot-application, managementUrl=http://WINRTK005:8080/actuator, healthUrl=http://WINRTK005:8080/actuator/health, serviceUrl=http://WINRTK005:8080/) at spring-boot-admin ([http://localhost:8080/instances]): 404 : "{"timestamp":"2023-11-02T20:20:15.204+00:00","status":404,"error":"Not Found","path":"/instances"}". Further attempts are logged on DEBUG level
2023-11-02T17:20:54.275-03:00  INFO 13440 --- [http-nio-8080-exec-1] o.springdoc.api.AbstractOpenApiResource  : Init duration for springdoc-openapi is: 227 ms
2023-11-02T17:21:56.200-03:00  INFO 13440 --- [SpringApplicationShutdownHook] j.LocalContainerEntityManagerFactoryBean : Closing JPA EntityManagerFactory for persistence unit 'default'
2023-11-02T17:21:56.204-03:00  INFO 13440 --- [SpringApplicationShutdownHook] com.zaxxer.hikari.HikariDataSource       : HikariPool-1 - Shutdown initiated...
2023-11-02T17:21:56.205-03:00  INFO 13440 --- [SpringApplicationShutdownHook] com.zaxxer.hikari.HikariDataSource       : HikariPool-1 - Shutdown completed.
2023-11-02T17:21:57.920-03:00  INFO 8868 --- [main] c.u.libraryapi.LibraryApiApplication     : Starting LibraryApiApplication using Java 18 with PID 8868 (C:\Users\yurim\Documents\Projetos\MyUdemy\library-api\target\classes started by yurim in C:\Users\yurim\Documents\Projetos\MyUdemy\library-api)
2023-11-02T17:21:57.923-03:00  INFO 8868 --- [main] c.u.libraryapi.LibraryApiApplication     : No active profile set, falling back to 1 default profile: "default"
2023-11-02T17:21:58.602-03:00  INFO 8868 --- [main] .s.d.r.c.RepositoryConfigurationDelegate : Bootstrapping Spring Data JPA repositories in DEFAULT mode.
2023-11-02T17:21:58.641-03:00  INFO 8868 --- [main] .s.d.r.c.RepositoryConfigurationDelegate : Finished Spring Data repository scanning in 34 ms. Found 2 JPA repository interfaces.
2023-11-02T17:21:58.930-03:00  INFO 8868 --- [main] o.s.b.w.embedded.tomcat.TomcatWebServer  : Tomcat initialized with port(s): 8080 (http)
2023-11-02T17:21:58.936-03:00  INFO 8868 --- [main] o.apache.catalina.core.StandardService   : Starting service [Tomcat]
2023-11-02T17:21:58.936-03:00  INFO 8868 --- [main] o.apache.catalina.core.StandardEngine    : Starting Servlet engine: [Apache Tomcat/10.1.11]
2023-11-02T17:21:58.991-03:00  INFO 8868 --- [main] o.a.c.c.C.[Tomcat].[localhost].[/]       : Initializing Spring embedded WebApplicationContext
2023-11-02T17:21:58.991-03:00  INFO 8868 --- [main] w.s.c.ServletWebServerApplicationContext : Root WebApplicationContext: initialization completed in 1028 ms
2023-11-02T17:21:59.118-03:00  INFO 8868 --- [main] com.zaxxer.hikari.HikariDataSource       : HikariPool-1 - Starting...
2023-11-02T17:21:59.255-03:00  INFO 8868 --- [main] com.zaxxer.hikari.pool.HikariPool        : HikariPool-1 - Added connection conn0: url=jdbc:h2:mem:31f13968-e0ae-4d18-bbc5-09ccffd5e252 user=SA
2023-11-02T17:21:59.256-03:00  INFO 8868 --- [main] com.zaxxer.hikari.HikariDataSource       : HikariPool-1 - Start completed.
2023-11-02T17:21:59.283-03:00  INFO 8868 --- [main] o.hibernate.jpa.internal.util.LogHelper  : HHH000204: Processing PersistenceUnitInfo [name: default]
2023-11-02T17:21:59.312-03:00  INFO 8868 --- [main] org.hibernate.Version                    : HHH000412: Hibernate ORM core version 6.2.6.Final
2023-11-02T17:21:59.313-03:00  INFO 8868 --- [main] org.hibernate.cfg.Environment            : HHH000406: Using bytecode reflection optimizer
2023-11-02T17:21:59.386-03:00  INFO 8868 --- [main] o.h.b.i.BytecodeProviderInitiator        : HHH000021: Bytecode provider name : bytebuddy
2023-11-02T17:21:59.460-03:00  INFO 8868 --- [main] o.s.o.j.p.SpringPersistenceUnitInfo      : No LoadTimeWeaver setup: ignoring JPA class transformer
2023-11-02T17:21:59.607-03:00  INFO 8868 --- [main] o.h.b.i.BytecodeProviderInitiator        : HHH000021: Bytecode provider name : bytebuddy
2023-11-02T17:22:00.002-03:00  INFO 8868 --- [main] o.h.e.t.j.p.i.JtaPlatformInitiator       : HHH000490: Using JtaPlatform implementation: [org.hibernate.engine.transaction.jta.platform.internal.NoJtaPlatform]
2023-11-02T17:22:00.043-03:00  INFO 8868 --- [main] j.LocalContainerEntityManagerFactoryBean : Initialized JPA EntityManagerFactory for persistence unit 'default'
2023-11-02T17:22:00.257-03:00  INFO 8868 --- [main] o.s.d.j.r.query.QueryEnhancerFactory     : Hibernate is in classpath; If applicable, HQL parser will be used.
2023-11-02T17:22:00.601-03:00  WARN 8868 --- [main] JpaBaseConfiguration$JpaWebConfiguration : spring.jpa.open-in-view is enabled by default. Therefore, database queries may be performed during view rendering. Explicitly configure spring.jpa.open-in-view to disable this warning
2023-11-02T17:22:00.961-03:00  INFO 8868 --- [main] o.s.b.a.e.web.EndpointLinksResolver      : Exposing 14 endpoint(s) beneath base path '/actuator'
2023-11-02T17:22:01.014-03:00  INFO 8868 --- [main] o.s.b.w.embedded.tomcat.TomcatWebServer  : Tomcat started on port(s): 8080 (http) with context path ''
2023-11-02T17:22:01.028-03:00  INFO 8868 --- [main] c.u.libraryapi.LibraryApiApplication     : Started LibraryApiApplication in 3.4 seconds (process running for 3.825)
2023-11-02T17:22:01.299-03:00  INFO 8868 --- [registrationTask1] d.c.b.a.c.r.ApplicationRegistrator       : Application registered itself as 6c24a9750a8b
2023-11-02T17:22:01.361-03:00  INFO 8868 --- [http-nio-8080-exec-1] o.a.c.c.C.[Tomcat].[localhost].[/]       : Initializing Spring DispatcherServlet 'dispatcherServlet'
2023-11-02T17:22:01.362-03:00  INFO 8868 --- [http-nio-8080-exec-1] o.s.web.servlet.DispatcherServlet        : Initializing Servlet 'dispatcherServlet'
2023-11-02T17:22:01.364-03:00  INFO 8868 --- [http-nio-8080-exec-1] o.s.web.servlet.DispatcherServlet        : Completed initialization in 1 ms
2023-11-02T17:28:55.755-03:00  WARN 8868 --- [http-nio-8080-exec-6] ocalVariableTableParameterNameDiscoverer : Using deprecated '-debug' fallback for parameter name resolution. Compile the affected code with '-parameters' instead or avoid its introspection: com.zaxxer.hikari.pool.HikariPool
2023-11-02T17:29:45.483-03:00  INFO 8868 --- [http-nio-8080-exec-8] o.springdoc.api.AbstractOpenApiResource  : Init duration for springdoc-openapi is: 301 ms
2023-11-02T17:29:53.296-03:00  INFO 8868 --- [http-nio-8080-exec-4] c.u.l.api.controller.BookController      : Creating a book with the data: BookDTO(title=string, author=string, isbn=string)
2023-11-02T17:30:08.598-03:00  INFO 8868 --- [http-nio-8080-exec-10] c.u.l.api.controller.BookController      : Getting a book by the id: 1
2023-11-02T17:30:21.034-03:00  WARN 8868 --- [registrationTask1] d.c.b.a.c.r.ApplicationRegistrator       : Failed to register application as Application(name=spring-boot-application, managementUrl=http://WINRTK005:8080/actuator, healthUrl=http://WINRTK005:8080/actuator/health, serviceUrl=http://WINRTK005:8080/) at spring-boot-admin ([http://localhost:8081/instances]): I/O error on POST request for "http://localhost:8081/instances": Unexpected end of file from server. Further attempts are logged on DEBUG level
2023-11-02T17:30:40.305-03:00  INFO 8868 --- [SpringApplicationShutdownHook] j.LocalContainerEntityManagerFactoryBean : Closing JPA EntityManagerFactory for persistence unit 'default'
2023-11-02T17:30:40.308-03:00  INFO 8868 --- [SpringApplicationShutdownHook] com.zaxxer.hikari.HikariDataSource       : HikariPool-1 - Shutdown initiated...
2023-11-02T17:30:40.308-03:00  INFO 8868 --- [SpringApplicationShutdownHook] com.zaxxer.hikari.HikariDataSource       : HikariPool-1 - Shutdown completed.
2023-11-02T17:40:35.813-03:00  INFO 17124 --- [main] c.u.l.api.controller.BookControllerTest  : Starting BookControllerTest using Java 18 with PID 17124 (started by yurim in C:\Users\yurim\Documents\Projetos\MyUdemy\library-api)
2023-11-02T17:40:35.815-03:00  INFO 17124 --- [main] c.u.l.api.controller.BookControllerTest  : No active profile set, falling back to 1 default profile: "default"
2023-11-02T17:40:38.721-03:00  INFO 17124 --- [main] o.s.b.t.m.w.SpringBootMockServletContext : Initializing Spring TestDispatcherServlet ''
2023-11-02T17:40:38.721-03:00  INFO 17124 --- [main] o.s.t.web.servlet.TestDispatcherServlet  : Initializing Servlet ''
2023-11-02T17:40:38.724-03:00  INFO 17124 --- [main] o.s.t.web.servlet.TestDispatcherServlet  : Completed initialization in 3 ms
2023-11-02T17:40:38.773-03:00  INFO 17124 --- [main] c.u.l.api.controller.BookControllerTest  : Started BookControllerTest in 3.423 seconds (process running for 5.016)
2023-11-02T17:40:39.284-03:00  INFO 17124 --- [main] c.u.l.api.controller.BookController      : Getting a book by the id: 1
2023-11-02T17:40:39.301-03:00  INFO 17124 --- [main] c.u.l.api.controller.BookController      : Creating a book with the data: BookDTO(title=As aventuras, author=Autor, isbn=1234)
2023-11-02T17:40:39.372-03:00  INFO 17124 --- [main] c.u.l.api.controller.BookController      : Getting a book by the id: 1
2023-11-02T17:40:39.384-03:00  INFO 17124 --- [main] c.u.l.api.controller.BookController      : Creating a book with the data: BookDTO(title=As aventuras, author=Autor, isbn=1234)
2023-11-02T17:41:02.001-03:00  INFO 22872 --- [main] c.u.l.api.controller.LoanControllerTest  : Starting LoanControllerTest using Java 18 with PID 22872 (started by yurim in C:\Users\yurim\Documents\Projetos\MyUdemy\library-api)
2023-11-02T17:41:02.004-03:00  INFO 22872 --- [main] c.u.l.api.controller.LoanControllerTest  : No active profile set, falling back to 1 default profile: "default"
2023-11-02T17:41:04.806-03:00  INFO 22872 --- [main] o.s.b.t.m.w.SpringBootMockServletContext : Initializing Spring TestDispatcherServlet ''
2023-11-02T17:41:04.807-03:00  INFO 22872 --- [main] o.s.t.web.servlet.TestDispatcherServlet  : Initializing Servlet ''
2023-11-02T17:41:04.809-03:00  INFO 22872 --- [main] o.s.t.web.servlet.TestDispatcherServlet  : Completed initialization in 2 ms
2023-11-02T17:41:04.860-03:00  INFO 22872 --- [main] c.u.l.api.controller.LoanControllerTest  : Started LoanControllerTest in 3.357 seconds (process running for 5.076)
2023-11-02T17:41:05.427-03:00  INFO 22872 --- [main] c.u.l.LibraryApiApplicationTests         : Starting LibraryApiApplicationTests using Java 18 with PID 22872 (started by yurim in C:\Users\yurim\Documents\Projetos\MyUdemy\library-api)
2023-11-02T17:41:05.428-03:00  INFO 22872 --- [main] c.u.l.LibraryApiApplicationTests         : No active profile set, falling back to 1 default profile: "default"
2023-11-02T17:41:06.525-03:00  INFO 22872 --- [main] .s.d.r.c.RepositoryConfigurationDelegate : Bootstrapping Spring Data JPA repositories in DEFAULT mode.
2023-11-02T17:41:06.611-03:00  INFO 22872 --- [main] .s.d.r.c.RepositoryConfigurationDelegate : Finished Spring Data repository scanning in 77 ms. Found 2 JPA repository interfaces.
2023-11-02T17:41:07.069-03:00  INFO 22872 --- [main] com.zaxxer.hikari.HikariDataSource       : HikariPool-1 - Starting...
2023-11-02T17:41:07.389-03:00  INFO 22872 --- [main] com.zaxxer.hikari.pool.HikariPool        : HikariPool-1 - Added connection conn0: url=jdbc:h2:mem:c6a7cca4-f3e1-40f7-8c0c-11ad2eb6631e user=SA
2023-11-02T17:41:07.392-03:00  INFO 22872 --- [main] com.zaxxer.hikari.HikariDataSource       : HikariPool-1 - Start completed.
2023-11-02T17:41:07.480-03:00  INFO 22872 --- [main] o.hibernate.jpa.internal.util.LogHelper  : HHH000204: Processing PersistenceUnitInfo [name: default]
2023-11-02T17:41:07.569-03:00  INFO 22872 --- [main] org.hibernate.Version                    : HHH000412: Hibernate ORM core version 6.2.6.Final
2023-11-02T17:41:07.574-03:00  INFO 22872 --- [main] org.hibernate.cfg.Environment            : HHH000406: Using bytecode reflection optimizer
2023-11-02T17:41:07.822-03:00  INFO 22872 --- [main] o.h.b.i.BytecodeProviderInitiator        : HHH000021: Bytecode provider name : bytebuddy
2023-11-02T17:41:07.852-03:00  INFO 22872 --- [main] o.s.o.j.p.SpringPersistenceUnitInfo      : No LoadTimeWeaver setup: ignoring JPA class transformer
2023-11-02T17:41:08.313-03:00  INFO 22872 --- [main] o.h.b.i.BytecodeProviderInitiator        : HHH000021: Bytecode provider name : bytebuddy
2023-11-02T17:41:09.320-03:00  INFO 22872 --- [main] o.h.e.t.j.p.i.JtaPlatformInitiator       : HHH000490: Using JtaPlatform implementation: [org.hibernate.engine.transaction.jta.platform.internal.NoJtaPlatform]
2023-11-02T17:41:09.421-03:00  INFO 22872 --- [main] j.LocalContainerEntityManagerFactoryBean : Initialized JPA EntityManagerFactory for persistence unit 'default'
2023-11-02T17:41:10.144-03:00  INFO 22872 --- [main] o.s.d.j.r.query.QueryEnhancerFactory     : Hibernate is in classpath; If applicable, HQL parser will be used.
2023-11-02T17:41:11.665-03:00  WARN 22872 --- [main] JpaBaseConfiguration$JpaWebConfiguration : spring.jpa.open-in-view is enabled by default. Therefore, database queries may be performed during view rendering. Explicitly configure spring.jpa.open-in-view to disable this warning
2023-11-02T17:41:12.762-03:00  INFO 22872 --- [main] o.s.b.a.e.web.EndpointLinksResolver      : Exposing 14 endpoint(s) beneath base path '/actuator'
2023-11-02T17:41:12.903-03:00  INFO 22872 --- [main] c.u.l.LibraryApiApplicationTests         : Started LibraryApiApplicationTests in 7.51 seconds (process running for 13.117)
2023-11-02T17:41:13.012-03:00  INFO 22872 --- [main] t.c.s.AnnotationConfigContextLoaderUtils : Could not detect default configuration classes for test class [com.udemycourse.libraryapi.api.controller.BookControllerTest]: BookControllerTest does not declare any static, non-private, non-final, nested classes annotated with @Configuration.
2023-11-02T17:41:13.013-03:00 ERROR 22872 --- [registrationTask1] o.s.s.s.TaskUtils$LoggingErrorHandler    : Unexpected error occurred in scheduled task

java.lang.IllegalStateException: couldn't determine local port. Please set spring.boot.admin.client.instance.service-base-url.
	at de.codecentric.boot.admin.client.registration.DefaultApplicationFactory.getLocalServerPort(DefaultApplicationFactory.java:205) ~[spring-boot-admin-client-3.1.6.jar:3.1.6]
	at de.codecentric.boot.admin.client.registration.DefaultApplicationFactory.getServiceBaseUrl(DefaultApplicationFactory.java:109) ~[spring-boot-admin-client-3.1.6.jar:3.1.6]
	at de.codecentric.boot.admin.client.registration.ServletApplicationFactory.getServiceUrl(ServletApplicationFactory.java:62) ~[spring-boot-admin-client-3.1.6.jar:3.1.6]
	at de.codecentric.boot.admin.client.registration.ServletApplicationFactory.getManagementBaseUrl(ServletApplicationFactory.java:77) ~[spring-boot-admin-client-3.1.6.jar:3.1.6]
	at de.codecentric.boot.admin.client.registration.DefaultApplicationFactory.getHealthUrl(DefaultApplicationFactory.java:165) ~[spring-boot-admin-client-3.1.6.jar:3.1.6]
	at de.codecentric.boot.admin.client.registration.DefaultApplicationFactory.createApplication(DefaultApplicationFactory.java:80) ~[spring-boot-admin-client-3.1.6.jar:3.1.6]
	at de.codecentric.boot.admin.client.registration.DefaultApplicationRegistrator.register(DefaultApplicationRegistrator.java:56) ~[spring-boot-admin-client-3.1.6.jar:3.1.6]
	at org.springframework.scheduling.support.DelegatingErrorHandlingRunnable.run(DelegatingErrorHandlingRunnable.java:54) ~[spring-context-6.0.11.jar:6.0.11]
	at java.base/java.util.concurrent.Executors$RunnableAdapter.call(Executors.java:539) ~[na:na]
	at java.base/java.util.concurrent.FutureTask.runAndReset(FutureTask.java:305) ~[na:na]
	at java.base/java.util.concurrent.ScheduledThreadPoolExecutor$ScheduledFutureTask.run(ScheduledThreadPoolExecutor.java:305) ~[na:na]
	at java.base/java.util.concurrent.ThreadPoolExecutor.runWorker(ThreadPoolExecutor.java:1136) ~[na:na]
	at java.base/java.util.concurrent.ThreadPoolExecutor$Worker.run(ThreadPoolExecutor.java:635) ~[na:na]
	at java.base/java.lang.Thread.run(Thread.java:833) ~[na:na]

2023-11-02T17:41:13.026-03:00  INFO 22872 --- [main] .b.t.c.SpringBootTestContextBootstrapper : Found @SpringBootConfiguration com.udemycourse.libraryapi.LibraryApiApplication for test class com.udemycourse.libraryapi.api.controller.BookControllerTest
2023-11-02T17:41:13.072-03:00  INFO 22872 --- [main] c.u.l.api.controller.BookControllerTest  : Starting BookControllerTest using Java 18 with PID 22872 (started by yurim in C:\Users\yurim\Documents\Projetos\MyUdemy\library-api)
2023-11-02T17:41:13.072-03:00  INFO 22872 --- [main] c.u.l.api.controller.BookControllerTest  : No active profile set, falling back to 1 default profile: "default"
2023-11-02T17:41:13.499-03:00  INFO 22872 --- [main] o.s.b.t.m.w.SpringBootMockServletContext : Initializing Spring TestDispatcherServlet ''
2023-11-02T17:41:13.500-03:00  INFO 22872 --- [main] o.s.t.web.servlet.TestDispatcherServlet  : Initializing Servlet ''
2023-11-02T17:41:13.501-03:00  INFO 22872 --- [main] o.s.t.web.servlet.TestDispatcherServlet  : Completed initialization in 1 ms
2023-11-02T17:41:13.509-03:00  INFO 22872 --- [main] c.u.l.api.controller.BookControllerTest  : Started BookControllerTest in 0.475 seconds (process running for 13.725)
2023-11-02T17:41:13.659-03:00  INFO 22872 --- [main] c.u.l.api.controller.BookController      : Getting a book by the id: 1
2023-11-02T17:41:13.673-03:00  INFO 22872 --- [main] c.u.l.api.controller.BookController      : Creating a book with the data: BookDTO(title=As aventuras, author=Autor, isbn=1234)
2023-11-02T17:41:13.736-03:00  INFO 22872 --- [main] c.u.l.api.controller.BookController      : Getting a book by the id: 1
2023-11-02T17:41:13.748-03:00  INFO 22872 --- [main] c.u.l.api.controller.BookController      : Creating a book with the data: BookDTO(title=As aventuras, author=Autor, isbn=1234)
2023-11-02T17:41:13.824-03:00  INFO 22872 --- [main] c.u.l.api.service.BookServiceTest        : Starting BookServiceTest using Java 18 with PID 22872 (started by yurim in C:\Users\yurim\Documents\Projetos\MyUdemy\library-api)
2023-11-02T17:41:13.825-03:00  INFO 22872 --- [main] c.u.l.api.service.BookServiceTest        : No active profile set, falling back to 1 default profile: "default"
2023-11-02T17:41:14.105-03:00  INFO 22872 --- [main] c.u.l.api.service.BookServiceTest        : Started BookServiceTest in 0.318 seconds (process running for 14.32)
2023-11-02T17:41:14.244-03:00  INFO 22872 --- [main] c.u.l.api.service.LoanServiceTest        : Starting LoanServiceTest using Java 18 with PID 22872 (started by yurim in C:\Users\yurim\Documents\Projetos\MyUdemy\library-api)
2023-11-02T17:41:14.244-03:00  INFO 22872 --- [main] c.u.l.api.service.LoanServiceTest        : No active profile set, falling back to 1 default profile: "default"
2023-11-02T17:41:14.388-03:00  INFO 22872 --- [main] c.u.l.api.service.LoanServiceTest        : Started LoanServiceTest in 0.181 seconds (process running for 14.604)
2023-11-02T17:41:14.427-03:00  INFO 22872 --- [SpringApplicationShutdownHook] j.LocalContainerEntityManagerFactoryBean : Closing JPA EntityManagerFactory for persistence unit 'default'
2023-11-02T17:41:14.438-03:00  INFO 22872 --- [SpringApplicationShutdownHook] com.zaxxer.hikari.HikariDataSource       : HikariPool-1 - Shutdown initiated...
2023-11-02T17:41:14.442-03:00  INFO 22872 --- [SpringApplicationShutdownHook] com.zaxxer.hikari.HikariDataSource       : HikariPool-1 - Shutdown completed.
